INFO:  latexindent.pl version 3.24.2, 2024-06-15, a script to indent .tex files
       latexindent.pl lives here: C:/Users/cheuk/AppData/Local/Programs/MiKTeX/scripts/latexindent/
       Sun Nov 10 23:25:41 2024
       Filename: f:\Drive ULL\Ingenieria Informatica\2ºIng Informatica\Primer Cuatrimestre\Computabilidad Y Algoritmia\Curso 2024-2025\Practicas_CyA_2425\Practica_09_Maquinas_Turing_JFLAP\p09_Cheuk_Kelly_Ng_Pante.tex
INFO:  Processing switches:
INFO:  Directory for backup files and log file indent.log:
       f:\Drive ULL\Ingenieria Informatica\2ºIng Informatica\Primer Cuatrimestre\Computabilidad Y Algoritmia\Curso 2024-2025\Practicas_CyA_2425\Practica_09_Maquinas_Turing_JFLAP
INFO:  Perl modules are being loaded from the following directories:
       C:/Strawberry/perl/lib/FindBin.pm
       C:/Strawberry/perl/vendor/lib/YAML/Tiny.pm
       C:/Strawberry/perl/lib/File/Copy.pm
       C:/Strawberry/perl/lib/File/Basename.pm
       C:/Strawberry/perl/lib/Getopt/Long.pm
       C:/Strawberry/perl/vendor/lib/File/HomeDir.pm
INFO:  LatexIndent perl modules are being loaded from, for example:
       C:/Users/cheuk/AppData/Local/Programs/MiKTeX/scripts/latexindent/LatexIndent/Document.pm
INFO:  YAML settings read: defaultSettings.yaml
       Reading defaultSettings.yaml from C:/Users/cheuk/AppData/Local/Programs/MiKTeX/scripts/latexindent/defaultSettings.yaml
INFO:  YAML reading settings
       Home directory is C:\Users\cheuk
       latexindent.pl didn't find indentconfig.yaml or .indentconfig.yaml
       see all possible locations: https://latexindentpl.readthedocs.io/en/latest/sec-appendices.html#indentconfig-options)
INFO:  Phase 1: searching for objects
INFO:  Phase 2: finding surrounding indentation
INFO:  Phase 3: indenting objects
INFO:  Phase 4: final indentation check
INFO:  Output routine:
       Not outputting to file; see -w and -o switches for more options.
       --------------
INFO:  Please direct all communication/issues to:
        https://github.com/cmhughes/latexindent.pl
